app/build/outputs/logs/manifest-merger-debug-report.txt
-- Merging decision tree log ---
manifest
ADDED from src\main\AndroidManifest.xml:3:1-31:12
	package
		ADDED from src\main\AndroidManifest.xml:4:9-35
		INJECTED from src\main\AndroidManifest.xml
		INJECTED from src\main\AndroidManifest.xml
	android:versionName
		ADDED from src\main\AndroidManifest.xml:6:9-34
		INJECTED from src\main\AndroidManifest.xml
		INJECTED from src\main\AndroidManifest.xml
	android:versionCode
		ADDED from src\main\AndroidManifest.xml:5:9-32
		INJECTED from src\main\AndroidManifest.xml
		INJECTED from src\main\AndroidManifest.xml
	xmlns:android
		ADDED from src\main\AndroidManifest.xml:3:11-69
uses-sdk
ADDED from src\main\AndroidManifest.xml:9:5-74
	android:targetSdkVersion
		ADDED from src\main\AndroidManifest.xml:9:42-71
		INJECTED from src\main\AndroidManifest.xml
		INJECTED from src\main\AndroidManifest.xml
	android:minSdkVersion
		ADDED from src\main\AndroidManifest.xml:9:15-41
		INJECTED from src\main\AndroidManifest.xml
		INJECTED from src\main\AndroidManifest.xml
application
ADDED from src\main\AndroidManifest.xml:12:5-29:19
	android:hasCode
		ADDED from src\main\AndroidManifest.xml:14:9-32
	android:label
		ADDED from src\main\AndroidManifest.xml:13:9-41
activity#android.app.NativeActivity
ADDED from src\main\AndroidManifest.xml:18:9-28:20
	android:label
		ADDED from src\main\AndroidManifest.xml:19:17-49
	android:configChanges
		ADDED from src\main\AndroidManifest.xml:20:17-67
	android:name
		ADDED from src\main\AndroidManifest.xml:18:19-60
meta-data#android.app.lib_name
ADDED from src\main\AndroidManifest.xml:22:13-23:44
	android:value
		ADDED from src\main\AndroidManifest.xml:23:21-41
	android:name
		ADDED from src\main\AndroidManifest.xml:22:24-59
intent-filter#android.intent.action.MAIN+android.intent.category.LAUNCHER
ADDED from src\main\AndroidManifest.xml:24:13-27:29
action#android.intent.action.MAIN
ADDED from src\main\AndroidManifest.xml:25:17-69
	android:name
		ADDED from src\main\AndroidManifest.xml:25:25-66
category#android.intent.category.LAUNCHER
ADDED from src\main\AndroidManifest.xml:26:17-77
	android:name
		ADDED from src\main\AndroidManifest.xml:26:27-74